<?xml version="1.0" encoding="UTF-8"?>
<!-- Generated by org.testng.reporters.JUnitXMLReporter -->
<testsuite ignored="1" hostname="Faruq" failures="0" tests="7" name="RegressionTest" time="15.294" errors="0" timestamp="2023-08-15T19:58:56 EDT">
  <testcase classname="frameWorkTests.RegistrationTest" name="signUpTestForIsrak" time="1.217"/>
  <testcase classname="frameWorkTests.LoginTest" name="validLoginTest" time="0.176"/>
  <testcase classname="frameWorkTests.LoginTest" name="invalidLoginTest" time="0.167"/>
  <testcase classname="frameWorkTests.LoginTest" name="boundaryLoginTest" time="0.17"/>
  <testcase classname="frameWorkTests.LoginTestUpdate" name="validLoginTest" time="0.163"/>
  <testcase classname="frameWorkTests.LoginTestUpdate" name="invalidLoginTest" time="0.177"/>
  <testcase classname="frameWorkTests.LoginTestUpdate" name="boundaryLoginTest" time="0.176"/>
  <testcase classname="frameWorkTests.RegistrationTest" name="signUpTestForRahul" time="0.0">
    <ignored/>
  </testcase> <!-- signUpTestForRahul -->
</testsuite> <!-- RegressionTest -->
