<?xml version="1.0" encoding="UTF-8"?>
<!-- Generated by org.testng.reporters.JUnitXMLReporter -->
<testsuite ignored="5" hostname="Faruq" failures="0" tests="3" name="SmokeTest" time="7.464" errors="0" timestamp="2023-08-15T19:57:21 EDT">
  <testcase classname="frameWorkTests.RegistrationTest" name="signUpTestForRahul" time="1.127"/>
  <testcase classname="frameWorkTests.LoginTest" name="validLoginTest" time="0.174"/>
  <testcase classname="frameWorkTests.LoginTestUpdate" name="validLoginTest" time="0.176"/>
  <testcase classname="frameWorkTests.LoginTest" name="invalidLoginTest" time="0.0">
    <ignored/>
  </testcase> <!-- invalidLoginTest -->
  <testcase classname="frameWorkTests.LoginTestUpdate" name="boundaryLoginTest" time="0.0">
    <ignored/>
  </testcase> <!-- boundaryLoginTest -->
  <testcase classname="frameWorkTests.LoginTestUpdate" name="invalidLoginTest" time="0.0">
    <ignored/>
  </testcase> <!-- invalidLoginTest -->
  <testcase classname="frameWorkTests.RegistrationTest" name="signUpTestForIsrak" time="0.0">
    <ignored/>
  </testcase> <!-- signUpTestForIsrak -->
  <testcase classname="frameWorkTests.LoginTest" name="boundaryLoginTest" time="0.0">
    <ignored/>
  </testcase> <!-- boundaryLoginTest -->
</testsuite> <!-- SmokeTest -->
