<?xml version="1.0" encoding="UTF-8"?>
<!-- Generated by org.testng.reporters.JUnitXMLReporter -->
<testsuite ignored="0" hostname="Faruq" failures="0" tests="3" name="Default test" time="2.911" errors="0" timestamp="2023-07-20T20:01:56 EDT">
  <testcase classname="locators.XpathAnd_XpathOr" name="xPathAnd" time="0.133"/>
  <testcase classname="locators.XpathAnd_XpathOr" name="xPathOr" time="0.074"/>
  <testcase classname="locators.XpathAnd_XpathOr" name="xPathDouble" time="0.073"/>
</testsuite> <!-- Default test -->
