<?xml version="1.0" encoding="UTF-8"?>
<!-- Generated by org.testng.reporters.JUnitXMLReporter -->
<testsuite ignored="0" hostname="Faruq" failures="0" tests="3" name="Default test" time="6.524" errors="0" timestamp="2023-08-15T19:52:40 EDT">
  <testcase classname="frameWorkTests.LoginTestUpdate" name="validLoginTest" time="0.21"/>
  <testcase classname="frameWorkTests.LoginTestUpdate" name="invalidLoginTest" time="0.187"/>
  <testcase classname="frameWorkTests.LoginTestUpdate" name="boundaryLoginTest" time="0.155"/>
</testsuite> <!-- Default test -->
