<?xml version="1.0" encoding="UTF-8"?>
<!-- Generated by org.testng.reporters.JUnitXMLReporter -->
<testsuite ignored="0" hostname="Faruq" failures="0" tests="3" name="Test" time="8.616" errors="0" timestamp="2023-08-15T18:56:14 EDT">
  <testcase classname="frameWorkTests.LoginTest" name="validLoginTest" time="0.225"/>
  <testcase classname="frameWorkTests.LoginTest" name="invalidLoginTest" time="0.172"/>
  <testcase classname="frameWorkTests.LoginTest" name="boundaryLoginTest" time="0.162"/>
</testsuite> <!-- Test -->
