<?xml version="1.0" encoding="UTF-8"?>
<testng-results ignored="0" total="1" passed="1" failed="0" skipped="0">
  <reporter-output>
  </reporter-output>
  <suite started-at="2023-07-27T20:03:47 EDT" name="Default suite" finished-at="2023-07-27T20:03:49 EDT" duration-ms="2333">
    <groups>
    </groups>
    <test started-at="2023-07-27T20:03:47 EDT" name="Default test" finished-at="2023-07-27T20:03:49 EDT" duration-ms="2333">
      <class name="pfieLoginTests.LoginTest">
        <test-method is-config="true" signature="openApp()[pri:0, instance:pfieLoginTests.LoginTest@7ed7259e]" started-at="2023-07-27T20:03:47 EDT" name="openApp" finished-at="2023-07-27T20:03:49 EDT" duration-ms="2228" status="PASS">
          <reporter-output>
          </reporter-output>
        </test-method> <!-- openApp -->
        <test-method signature="validLoginTest()[pri:0, instance:pfieLoginTests.LoginTest@7ed7259e]" started-at="2023-07-27T20:03:49 EDT" name="validLoginTest" finished-at="2023-07-27T20:03:49 EDT" duration-ms="81" status="PASS">
          <reporter-output>
          </reporter-output>
        </test-method> <!-- validLoginTest -->
      </class> <!-- pfieLoginTests.LoginTest -->
    </test> <!-- Default test -->
  </suite> <!-- Default suite -->
</testng-results>
