<?xml version="1.0" encoding="UTF-8"?>
<testng-results ignored="0" total="1" passed="1" failed="0" skipped="0">
  <reporter-output>
  </reporter-output>
  <suite started-at="2023-08-01T21:47:18 EDT" name="Default suite" finished-at="2023-08-01T21:47:20 EDT" duration-ms="2625">
    <groups>
    </groups>
    <test started-at="2023-08-01T21:47:18 EDT" name="Default test" finished-at="2023-08-01T21:47:20 EDT" duration-ms="2625">
      <class name="signUpTests.RegistrationTest">
        <test-method is-config="true" signature="openApp()[pri:0, instance:signUpTests.RegistrationTest@7334aada]" started-at="2023-08-01T21:47:18 EDT" name="openApp" finished-at="2023-08-01T21:47:20 EDT" duration-ms="2264" status="PASS">
          <reporter-output>
          </reporter-output>
        </test-method> <!-- openApp -->
        <test-method signature="createNewAccount()[pri:0, instance:signUpTests.RegistrationTest@7334aada]" started-at="2023-08-01T21:47:20 EDT" name="createNewAccount" finished-at="2023-08-01T21:47:20 EDT" duration-ms="337" status="PASS">
          <reporter-output>
          </reporter-output>
        </test-method> <!-- createNewAccount -->
      </class> <!-- signUpTests.RegistrationTest -->
    </test> <!-- Default test -->
  </suite> <!-- Default suite -->
</testng-results>
